<?xml version="1.0" encoding="UTF-8"?>
<!-- Generated by org.testng.reporters.JUnitReportReporter -->
<testsuite hostname="DESKTOP-V2CRMJS" name="test.com.GradereportTest" tests="2" failures="0" timestamp="8 Mar 2019 00:54:11 GMT" time="0.005" errors="0">
  <testcase name="GradegetAvg" time="0.004" classname="test.com.GradereportTest"/>
  <testcase name="GradegetTotal" time="0.001" classname="test.com.GradereportTest"/>
</testsuite> <!-- test.com.GradereportTest -->
